<?xml version="1.0" encoding="UTF-8"?>
<testng-results skipped="0" failed="0" total="1" passed="1">
  <reporter-output>
  </reporter-output>
  <suite name="Default suite" duration-ms="20870" started-at="2017-04-29T01:49:32Z" finished-at="2017-04-29T01:49:53Z">
    <groups>
    </groups>
    <test name="Default test" duration-ms="20870" started-at="2017-04-29T01:49:32Z" finished-at="2017-04-29T01:49:53Z">
      <class name="com.gmail.compose.UploadTest">
        <test-method status="PASS" signature="setup()[pri:0, instance:com.gmail.compose.UploadTest@5b275dab]" name="setup" is-config="true" duration-ms="6075" started-at="2017-04-28T20:49:32Z" finished-at="2017-04-28T20:49:38Z">
          <reporter-output>
          </reporter-output>
        </test-method> <!-- setup -->
        <test-method status="PASS" signature="GmailTest()[pri:0, instance:com.gmail.compose.UploadTest@5b275dab]" name="GmailTest" duration-ms="14292" started-at="2017-04-28T20:49:38Z" finished-at="2017-04-28T20:49:53Z">
          <reporter-output>
          </reporter-output>
        </test-method> <!-- GmailTest -->
        <test-method status="PASS" signature="CleanUp()[pri:0, instance:com.gmail.compose.UploadTest@5b275dab]" name="CleanUp" is-config="true" duration-ms="483" started-at="2017-04-28T20:49:53Z" finished-at="2017-04-28T20:49:53Z">
          <reporter-output>
          </reporter-output>
        </test-method> <!-- CleanUp -->
      </class> <!-- com.gmail.compose.UploadTest -->
    </test> <!-- Default test -->
  </suite> <!-- Default suite -->
</testng-results>
